Using pre-set license
Built from '2020.3/staging' branch; Version is '2020.3.13f1 (71691879b7f5) revision 7432472'; Using compiler version '192528614'; Build Type 'Release'
OS: 'Windows 10 Pro; OS build 19041.1052; Version 2004; 64bit' Language: 'ko' Physical Memory: 16145 MB
BatchMode: 1, IsHumanControllingUs: 0, StartBugReporterOnCrash: 0, Is64bit: 1, IsPro: 0

 COMMAND LINE ARGUMENTS:
C:\Program Files\Unity\Hub\Editor\2020.3.13f1\Editor\Unity.exe
-adb2
-batchMode
-noUpm
-name
AssetImportWorker0
-projectPath
D:/unity/SwipeCar
-logFile
Logs/AssetImportWorker0.log
-srvPort
51263
Successfully changed project path to: D:/unity/SwipeCar
D:/unity/SwipeCar
Using Asset Import Pipeline V2.
Refreshing native plugins compatible for Editor in 85.28 ms, found 3 plugins.
Preloading 0 native plugins for Editor in 0.00 ms.
Initialize engine version: 2020.3.13f1 (71691879b7f5)
[Subsystems] Discovering subsystems at path C:/Program Files/Unity/Hub/Editor/2020.3.13f1/Editor/Data/Resources/UnitySubsystems
[Subsystems] Discovering subsystems at path D:/unity/SwipeCar/Assets
GfxDevice: creating device client; threaded=0
Direct3D:
    Version:  Direct3D 11.0 [level 11.1]
    Renderer: NVIDIA GeForce GTX 1650 Ti (ID=0x1f95)
    Vendor:   
    VRAM:     3962 MB
    Driver:   27.21.14.6231
Initialize mono
Mono path[0] = 'C:/Program Files/Unity/Hub/Editor/2020.3.13f1/Editor/Data/Managed'
Mono path[1] = 'C:/Program Files/Unity/Hub/Editor/2020.3.13f1/Editor/Data/MonoBleedingEdge/lib/mono/unityjit'
Mono config path = 'C:/Program Files/Unity/Hub/Editor/2020.3.13f1/Editor/Data/MonoBleedingEdge/etc'
Using monoOptions --debugger-agent=transport=dt_socket,embedding=1,server=y,suspend=n,address=127.0.0.1:56964
Begin MonoManager ReloadAssembly
Registering precompiled unity dll's ...
Register platform support module: C:/Program Files/Unity/Hub/Editor/2020.3.13f1/Editor/Data/PlaybackEngines/WindowsStandaloneSupport/UnityEditor.WindowsStandalone.Extensions.dll
Registered in 0.004277 seconds.
Native extension for WindowsStandalone target not found
Refreshing native plugins compatible for Editor in 85.81 ms, found 3 plugins.
Preloading 0 native plugins for Editor in 0.00 ms.
Mono: successfully reloaded assembly
- Completed reload, in  3.652 seconds
Platform modules already initialized, skipping
Registering precompiled user dll's ...
Registered in 0.005342 seconds.
Begin MonoManager ReloadAssembly
Native extension for WindowsStandalone target not found
Refreshing native plugins compatible for Editor in 79.63 ms, found 3 plugins.
Preloading 0 native plugins for Editor in 0.00 ms.
Mono: successfully reloaded assembly
- Completed reload, in  2.147 seconds
Platform modules already initialized, skipping
========================================================================
Worker process is ready to serve import requests
Launched and connected shader compiler UnityShaderCompiler.exe after 0.25 seconds
Refreshing native plugins compatible for Editor in 0.79 ms, found 3 plugins.
Preloading 0 native plugins for Editor in 0.00 ms.
Unloading 2084 Unused Serialized files (Serialized files now loaded: 0)
System memory in use before: 95.6 MB.
System memory in use after: 95.5 MB.

Unloading 33 unused Assets to reduce memory usage. Loaded Objects now: 2517.
Total: 2.949400 ms (FindLiveObjects: 0.253100 ms CreateObjectMapping: 0.121500 ms MarkObjects: 2.409300 ms  DeleteObjects: 0.163900 ms)

AssetImportParameters requested are different than current active one (requested -> active):
  custom:framework-win-MediaFoundation: 216162199b28c13a410421893ffa2e32 -> 
  custom:video-decoder-ogg-theora: a1e56fd34408186e4bbccfd4996cb3dc -> 
  custom:container-muxer-webm: aa71ff27fc2769a1b78a27578f13a17b -> 
  custom:container-demuxer-webm: 4f35f7cbe854078d1ac9338744f61a02 -> 
  custom:container-demuxer-ogg: 62fdf1f143b41e24485cea50d1cbac27 -> 
  custom:video-encoder-webm-vp8: eb34c28f22e8b96e1ab97ce403110664 -> 
  custom:video-decoder-webm-vp8: 9c59270c3fd7afecdb556c50c9e8de78 -> 
  custom:audio-decoder-ogg-vorbis: bf7c407c2cedff20999df2af8eb42d56 -> 
  custom:audio-encoder-webm-vorbis: bf7c407c2cedff20999df2af8eb42d56 -> 
========================================================================
Received Import Request.
  path: Assets/car.png
  artifactKey: Guid(1e58b567116be4d4597d7eec52575d5a) Importer(815301076,1909f56bfc062723c751e8b465ee728b)
Start importing Assets/car.png using Guid(1e58b567116be4d4597d7eec52575d5a) Importer(815301076,1909f56bfc062723c751e8b465ee728b)  -> (artifact id: 'beaaa35fb19e1cada65dd04c278acb2f') in 0.175759 seconds 
  Import took 0.181278 seconds .

========================================================================
Received Import Request.
  Time since last request: 0.000604 seconds.
  path: Assets/ground.png
  artifactKey: Guid(a156c0da86b74e745bee11fe72166c49) Importer(815301076,1909f56bfc062723c751e8b465ee728b)
Start importing Assets/ground.png using Guid(a156c0da86b74e745bee11fe72166c49) Importer(815301076,1909f56bfc062723c751e8b465ee728b)  -> (artifact id: '95d2e0971d7dbd03341fa6b22229dfa2') in 0.023019 seconds 
  Import took 0.029709 seconds .

========================================================================
Received Import Request.
  Time since last request: 0.000886 seconds.
  path: Assets/flag.png
  artifactKey: Guid(daaa3c899d2daf847922b555f365c8c0) Importer(815301076,1909f56bfc062723c751e8b465ee728b)
Start importing Assets/flag.png using Guid(daaa3c899d2daf847922b555f365c8c0) Importer(815301076,1909f56bfc062723c751e8b465ee728b)  -> (artifact id: 'f01be4695f00002b283c4733e5116c12') in 0.017395 seconds 
  Import took 0.024816 seconds .

========================================================================
Received Import Request.
  Time since last request: 0.000727 seconds.
  path: Assets/car_se.mp3
  artifactKey: Guid(033487c9d7141eb4da5dbee6f6ad9d26) Importer(815301076,1909f56bfc062723c751e8b465ee728b)
Start importing Assets/car_se.mp3 using Guid(033487c9d7141eb4da5dbee6f6ad9d26) Importer(815301076,1909f56bfc062723c751e8b465ee728b)  -> (artifact id: '43b11c306798670a5ddb16ff07a2a09c') in 0.173514 seconds 
  Import took 0.179567 seconds .

========================================================================
Received Prepare
Registering precompiled user dll's ...
Registered in 0.005244 seconds.
Begin MonoManager ReloadAssembly
Native extension for WindowsStandalone target not found
Refreshing native plugins compatible for Editor in 1.06 ms, found 3 plugins.
Preloading 0 native plugins for Editor in 0.00 ms.
Mono: successfully reloaded assembly
- Completed reload, in  2.489 seconds
Platform modules already initialized, skipping
Switching build target platform(19) subTarget(0) extendedPlatform(0) -> platform(13) subTarget(537395200) extendedPlatform(0)
Refreshing native plugins compatible for Editor in 1.15 ms, found 3 plugins.
Preloading 0 native plugins for Editor in 0.00 ms.
Unloading 2083 Unused Serialized files (Serialized files now loaded: 0)
System memory in use before: 98.6 MB.
System memory in use after: 98.5 MB.

Unloading 21 unused Assets to reduce memory usage. Loaded Objects now: 2536.
Total: 3.721400 ms (FindLiveObjects: 0.333800 ms CreateObjectMapping: 0.173500 ms MarkObjects: 3.010000 ms  DeleteObjects: 0.202000 ms)

AssetImportParameters requested are different than current active one (requested -> active):
  custom:framework-win-MediaFoundation: 216162199b28c13a410421893ffa2e32 -> 
  custom:video-decoder-ogg-theora: a1e56fd34408186e4bbccfd4996cb3dc -> 
  custom:container-muxer-webm: aa71ff27fc2769a1b78a27578f13a17b -> 
  custom:container-demuxer-webm: 4f35f7cbe854078d1ac9338744f61a02 -> 
  custom:container-demuxer-ogg: 62fdf1f143b41e24485cea50d1cbac27 -> 
  custom:video-encoder-webm-vp8: eb34c28f22e8b96e1ab97ce403110664 -> 
  custom:video-decoder-webm-vp8: 9c59270c3fd7afecdb556c50c9e8de78 -> 
  custom:graphics/normal-map-encoding: 01000000000000000000000000000000 -> 02000000000000000000000000000000
  custom:audio-decoder-ogg-vorbis: bf7c407c2cedff20999df2af8eb42d56 -> 
  custom:audio-encoder-webm-vorbis: bf7c407c2cedff20999df2af8eb42d56 -> 
========================================================================
Received Prepare
Refreshing native plugins compatible for Editor in 5.54 ms, found 3 plugins.
Preloading 0 native plugins for Editor in 0.00 ms.
Unloading 19 Unused Serialized files (Serialized files now loaded: 0)
System memory in use before: 57.8 MB.
System memory in use after: 57.8 MB.

Unloading 19 unused Assets to reduce memory usage. Loaded Objects now: 2536.
Total: 4.554200 ms (FindLiveObjects: 0.435400 ms CreateObjectMapping: 0.210400 ms MarkObjects: 3.721700 ms  DeleteObjects: 0.185300 ms)

AssetImportParameters requested are different than current active one (requested -> active):
  custom:framework-win-MediaFoundation: 216162199b28c13a410421893ffa2e32 -> 
  custom:video-decoder-ogg-theora: a1e56fd34408186e4bbccfd4996cb3dc -> 
  custom:container-muxer-webm: aa71ff27fc2769a1b78a27578f13a17b -> 
  custom:container-demuxer-webm: 4f35f7cbe854078d1ac9338744f61a02 -> 
  custom:container-demuxer-ogg: 62fdf1f143b41e24485cea50d1cbac27 -> 
  custom:video-encoder-webm-vp8: eb34c28f22e8b96e1ab97ce403110664 -> 
  custom:video-decoder-webm-vp8: 9c59270c3fd7afecdb556c50c9e8de78 -> 
  custom:audio-decoder-ogg-vorbis: bf7c407c2cedff20999df2af8eb42d56 -> 
  custom:audio-encoder-webm-vorbis: bf7c407c2cedff20999df2af8eb42d56 -> 
========================================================================
Received Import Request.
  Time since last request: 327.122569 seconds.
  path: Assets/car.png
  artifactKey: Guid(1e58b567116be4d4597d7eec52575d5a) Importer(815301076,1909f56bfc062723c751e8b465ee728b)
Start importing Assets/car.png using Guid(1e58b567116be4d4597d7eec52575d5a) Importer(815301076,1909f56bfc062723c751e8b465ee728b)  -> (artifact id: '9ee5120f4f7f7515a184e31028618d33') in 0.066637 seconds 
  Import took 0.072077 seconds .

========================================================================
Received Import Request.
  Time since last request: 0.000548 seconds.
  path: Assets/ground.png
  artifactKey: Guid(a156c0da86b74e745bee11fe72166c49) Importer(815301076,1909f56bfc062723c751e8b465ee728b)
Start importing Assets/ground.png using Guid(a156c0da86b74e745bee11fe72166c49) Importer(815301076,1909f56bfc062723c751e8b465ee728b)  -> (artifact id: 'bf9b5f0110db95402a4ae3eca15b1e49') in 0.015201 seconds 
  Import took 0.021363 seconds .

========================================================================
Received Import Request.
  Time since last request: 0.000583 seconds.
  path: Assets/flag.png
  artifactKey: Guid(daaa3c899d2daf847922b555f365c8c0) Importer(815301076,1909f56bfc062723c751e8b465ee728b)
Start importing Assets/flag.png using Guid(daaa3c899d2daf847922b555f365c8c0) Importer(815301076,1909f56bfc062723c751e8b465ee728b)  -> (artifact id: '3f79db73122acf1c7561af7488e40a79') in 0.012898 seconds 
  Import took 0.019268 seconds .

========================================================================
Received Import Request.
  Time since last request: 0.000825 seconds.
  path: Assets/car_se.mp3
  artifactKey: Guid(033487c9d7141eb4da5dbee6f6ad9d26) Importer(815301076,1909f56bfc062723c751e8b465ee728b)
Start importing Assets/car_se.mp3 using Guid(033487c9d7141eb4da5dbee6f6ad9d26) Importer(815301076,1909f56bfc062723c751e8b465ee728b)  -> (artifact id: '3df7d1d7fdf3f083a5c27b5354c0a503') in 0.039543 seconds 
  Import took 0.047047 seconds .

========================================================================
Received Prepare
Registering precompiled user dll's ...
Registered in 0.003768 seconds.
Begin MonoManager ReloadAssembly
Native extension for WindowsStandalone target not found
Refreshing native plugins compatible for Editor in 0.80 ms, found 3 plugins.
Preloading 0 native plugins for Editor in 0.00 ms.
Mono: successfully reloaded assembly
- Completed reload, in  1.570 seconds
Platform modules already initialized, skipping
Switching build target platform(19) subTarget(0) extendedPlatform(0) -> platform(13) subTarget(537395200) extendedPlatform(0)
Refreshing native plugins compatible for Editor in 0.60 ms, found 3 plugins.
Preloading 0 native plugins for Editor in 0.00 ms.
Unloading 2083 Unused Serialized files (Serialized files now loaded: 0)
System memory in use before: 98.6 MB.
System memory in use after: 98.6 MB.

Unloading 21 unused Assets to reduce memory usage. Loaded Objects now: 2541.
Total: 4.127700 ms (FindLiveObjects: 0.421400 ms CreateObjectMapping: 0.215200 ms MarkObjects: 3.335300 ms  DeleteObjects: 0.154200 ms)

AssetImportParameters requested are different than current active one (requested -> active):
  custom:framework-win-MediaFoundation: 216162199b28c13a410421893ffa2e32 -> 
  custom:video-decoder-ogg-theora: a1e56fd34408186e4bbccfd4996cb3dc -> 
  custom:container-muxer-webm: aa71ff27fc2769a1b78a27578f13a17b -> 
  custom:container-demuxer-webm: 4f35f7cbe854078d1ac9338744f61a02 -> 
  custom:container-demuxer-ogg: 62fdf1f143b41e24485cea50d1cbac27 -> 
  custom:video-encoder-webm-vp8: eb34c28f22e8b96e1ab97ce403110664 -> 
  custom:video-decoder-webm-vp8: 9c59270c3fd7afecdb556c50c9e8de78 -> 
  custom:graphics/normal-map-encoding: 01000000000000000000000000000000 -> 02000000000000000000000000000000
  custom:audio-decoder-ogg-vorbis: bf7c407c2cedff20999df2af8eb42d56 -> 
  custom:audio-encoder-webm-vorbis: bf7c407c2cedff20999df2af8eb42d56 -> 
========================================================================
Received Prepare
Registering precompiled user dll's ...
Registered in 0.003334 seconds.
Begin MonoManager ReloadAssembly
Native extension for WindowsStandalone target not found
Refreshing native plugins compatible for Editor in 0.86 ms, found 3 plugins.
Preloading 0 native plugins for Editor in 0.00 ms.
Mono: successfully reloaded assembly
- Completed reload, in  1.712 seconds
Platform modules already initialized, skipping
Switching build target platform(19) subTarget(0) extendedPlatform(0) -> platform(13) subTarget(537395200) extendedPlatform(0)
Refreshing native plugins compatible for Editor in 0.71 ms, found 3 plugins.
Preloading 0 native plugins for Editor in 0.00 ms.
Unloading 2083 Unused Serialized files (Serialized files now loaded: 0)
System memory in use before: 98.7 MB.
System memory in use after: 98.6 MB.

Unloading 21 unused Assets to reduce memory usage. Loaded Objects now: 2545.
Total: 3.799900 ms (FindLiveObjects: 0.213800 ms CreateObjectMapping: 0.090100 ms MarkObjects: 3.277800 ms  DeleteObjects: 0.216800 ms)

AssetImportParameters requested are different than current active one (requested -> active):
  custom:framework-win-MediaFoundation: 216162199b28c13a410421893ffa2e32 -> 
  custom:video-decoder-ogg-theora: a1e56fd34408186e4bbccfd4996cb3dc -> 
  custom:container-muxer-webm: aa71ff27fc2769a1b78a27578f13a17b -> 
  custom:container-demuxer-webm: 4f35f7cbe854078d1ac9338744f61a02 -> 
  custom:container-demuxer-ogg: 62fdf1f143b41e24485cea50d1cbac27 -> 
  custom:video-encoder-webm-vp8: eb34c28f22e8b96e1ab97ce403110664 -> 
  custom:video-decoder-webm-vp8: 9c59270c3fd7afecdb556c50c9e8de78 -> 
  custom:graphics/normal-map-encoding: 01000000000000000000000000000000 -> 02000000000000000000000000000000
  custom:audio-decoder-ogg-vorbis: bf7c407c2cedff20999df2af8eb42d56 -> 
  custom:audio-encoder-webm-vorbis: bf7c407c2cedff20999df2af8eb42d56 -> 
========================================================================
Received Import Request.
  Time since last request: 838.508804 seconds.
  path: Assets
  artifactKey: Guid(00000000000000001000000000000000) Importer(815301076,1909f56bfc062723c751e8b465ee728b)
Start importing Assets using Guid(00000000000000001000000000000000) Importer(815301076,1909f56bfc062723c751e8b465ee728b)  -> (artifact id: '42d402b061de3733987d63b9cc3b64de') in 0.005039 seconds 
  Import took 0.009581 seconds .

========================================================================
Received Import Request.
  Time since last request: 2.310090 seconds.
  path: Assets
  artifactKey: Guid(00000000000000001000000000000000) Importer(815301076,1909f56bfc062723c751e8b465ee728b)
Start importing Assets using Guid(00000000000000001000000000000000) Importer(815301076,1909f56bfc062723c751e8b465ee728b)  -> (artifact id: '42d402b061de3733987d63b9cc3b64de') in 0.001994 seconds 
  Import took 0.007012 seconds .

========================================================================
Received Import Request.
  Time since last request: 34.166923 seconds.
  path: Assets/CarController.cs
  artifactKey: Guid(5f9e93ed6b307114bae9c26260d73f13) Importer(815301076,1909f56bfc062723c751e8b465ee728b)
Start importing Assets/CarController.cs using Guid(5f9e93ed6b307114bae9c26260d73f13) Importer(815301076,1909f56bfc062723c751e8b465ee728b)  -> (artifact id: '9cce1bd12bbe51221f3d0a9fba0473a0') in 0.022254 seconds 
  Import took 0.027307 seconds .

========================================================================
Received Import Request.
  Time since last request: 0.002161 seconds.
  path: Assets/CarController.cs
  artifactKey: Guid(5f9e93ed6b307114bae9c26260d73f13) Importer(815301076,1909f56bfc062723c751e8b465ee728b)
Start importing Assets/CarController.cs using Guid(5f9e93ed6b307114bae9c26260d73f13) Importer(815301076,1909f56bfc062723c751e8b465ee728b)  -> (artifact id: '9cce1bd12bbe51221f3d0a9fba0473a0') in 0.002249 seconds 
  Import took 0.007689 seconds .

========================================================================
Received Prepare
Registering precompiled user dll's ...
Registered in 0.003340 seconds.
Begin MonoManager ReloadAssembly
Native extension for WindowsStandalone target not found
Refreshing native plugins compatible for Editor in 0.58 ms, found 3 plugins.
Preloading 0 native plugins for Editor in 0.00 ms.
Mono: successfully reloaded assembly
- Completed reload, in  1.725 seconds
Platform modules already initialized, skipping
Switching build target platform(19) subTarget(0) extendedPlatform(0) -> platform(13) subTarget(537395200) extendedPlatform(0)
Refreshing native plugins compatible for Editor in 0.97 ms, found 3 plugins.
Preloading 0 native plugins for Editor in 0.00 ms.
Unloading 2084 Unused Serialized files (Serialized files now loaded: 0)
System memory in use before: 98.7 MB.
System memory in use after: 98.7 MB.

Unloading 21 unused Assets to reduce memory usage. Loaded Objects now: 2550.
Total: 4.273900 ms (FindLiveObjects: 0.401900 ms CreateObjectMapping: 0.204200 ms MarkObjects: 3.470500 ms  DeleteObjects: 0.195600 ms)

AssetImportParameters requested are different than current active one (requested -> active):
  custom:framework-win-MediaFoundation: 216162199b28c13a410421893ffa2e32 -> 
  custom:video-decoder-ogg-theora: a1e56fd34408186e4bbccfd4996cb3dc -> 
  custom:container-muxer-webm: aa71ff27fc2769a1b78a27578f13a17b -> 
  custom:container-demuxer-webm: 4f35f7cbe854078d1ac9338744f61a02 -> 
  custom:container-demuxer-ogg: 62fdf1f143b41e24485cea50d1cbac27 -> 
  custom:video-encoder-webm-vp8: eb34c28f22e8b96e1ab97ce403110664 -> 
  custom:video-decoder-webm-vp8: 9c59270c3fd7afecdb556c50c9e8de78 -> 
  custom:graphics/normal-map-encoding: 01000000000000000000000000000000 -> 02000000000000000000000000000000
  custom:audio-decoder-ogg-vorbis: bf7c407c2cedff20999df2af8eb42d56 -> 
  custom:audio-encoder-webm-vorbis: bf7c407c2cedff20999df2af8eb42d56 -> 
========================================================================
Received Prepare
Registering precompiled user dll's ...
Registered in 0.005960 seconds.
Begin MonoManager ReloadAssembly
Native extension for WindowsStandalone target not found
Refreshing native plugins compatible for Editor in 0.76 ms, found 3 plugins.
Preloading 0 native plugins for Editor in 0.00 ms.
Mono: successfully reloaded assembly
- Completed reload, in  1.760 seconds
Platform modules already initialized, skipping
Switching build target platform(19) subTarget(0) extendedPlatform(0) -> platform(13) subTarget(537395200) extendedPlatform(0)
Refreshing native plugins compatible for Editor in 0.69 ms, found 3 plugins.
Preloading 0 native plugins for Editor in 0.00 ms.
Unloading 2084 Unused Serialized files (Serialized files now loaded: 0)
System memory in use before: 98.7 MB.
System memory in use after: 98.7 MB.

Unloading 21 unused Assets to reduce memory usage. Loaded Objects now: 2554.
Total: 3.138500 ms (FindLiveObjects: 0.208400 ms CreateObjectMapping: 0.075900 ms MarkObjects: 2.708600 ms  DeleteObjects: 0.144600 ms)

AssetImportParameters requested are different than current active one (requested -> active):
  custom:framework-win-MediaFoundation: 216162199b28c13a410421893ffa2e32 -> 
  custom:video-decoder-ogg-theora: a1e56fd34408186e4bbccfd4996cb3dc -> 
  custom:container-muxer-webm: aa71ff27fc2769a1b78a27578f13a17b -> 
  custom:container-demuxer-webm: 4f35f7cbe854078d1ac9338744f61a02 -> 
  custom:container-demuxer-ogg: 62fdf1f143b41e24485cea50d1cbac27 -> 
  custom:video-encoder-webm-vp8: eb34c28f22e8b96e1ab97ce403110664 -> 
  custom:video-decoder-webm-vp8: 9c59270c3fd7afecdb556c50c9e8de78 -> 
  custom:graphics/normal-map-encoding: 01000000000000000000000000000000 -> 02000000000000000000000000000000
  custom:audio-decoder-ogg-vorbis: bf7c407c2cedff20999df2af8eb42d56 -> 
  custom:audio-encoder-webm-vorbis: bf7c407c2cedff20999df2af8eb42d56 -> 
========================================================================
Received Import Request.
  Time since last request: 160.301507 seconds.
  path: Assets/CarController.cs
  artifactKey: Guid(5f9e93ed6b307114bae9c26260d73f13) Importer(815301076,1909f56bfc062723c751e8b465ee728b)
Start importing Assets/CarController.cs using Guid(5f9e93ed6b307114bae9c26260d73f13) Importer(815301076,1909f56bfc062723c751e8b465ee728b)  -> (artifact id: 'f8b7fb1b13803640f9c21609f2c5608b') in 0.005915 seconds 
  Import took 0.010289 seconds .

========================================================================
Received Import Request.
  Time since last request: 0.001020 seconds.
  path: Assets/CarController.cs
  artifactKey: Guid(5f9e93ed6b307114bae9c26260d73f13) Importer(815301076,1909f56bfc062723c751e8b465ee728b)
Start importing Assets/CarController.cs using Guid(5f9e93ed6b307114bae9c26260d73f13) Importer(815301076,1909f56bfc062723c751e8b465ee728b)  -> (artifact id: 'f8b7fb1b13803640f9c21609f2c5608b') in 0.002383 seconds 
  Import took 0.007700 seconds .

========================================================================
Received Prepare
Registering precompiled user dll's ...
Registered in 0.005038 seconds.
Begin MonoManager ReloadAssembly
Native extension for WindowsStandalone target not found
Refreshing native plugins compatible for Editor in 0.89 ms, found 3 plugins.
Preloading 0 native plugins for Editor in 0.00 ms.
Mono: successfully reloaded assembly
- Completed reload, in  1.722 seconds
Platform modules already initialized, skipping
Switching build target platform(19) subTarget(0) extendedPlatform(0) -> platform(13) subTarget(537395200) extendedPlatform(0)
Refreshing native plugins compatible for Editor in 0.79 ms, found 3 plugins.
Preloading 0 native plugins for Editor in 0.00 ms.
Unloading 2084 Unused Serialized files (Serialized files now loaded: 0)
System memory in use before: 98.7 MB.
System memory in use after: 98.7 MB.

Unloading 21 unused Assets to reduce memory usage. Loaded Objects now: 2558.
Total: 3.860900 ms (FindLiveObjects: 0.383900 ms CreateObjectMapping: 0.198300 ms MarkObjects: 3.109300 ms  DeleteObjects: 0.167900 ms)

AssetImportParameters requested are different than current active one (requested -> active):
  custom:framework-win-MediaFoundation: 216162199b28c13a410421893ffa2e32 -> 
  custom:video-decoder-ogg-theora: a1e56fd34408186e4bbccfd4996cb3dc -> 
  custom:container-muxer-webm: aa71ff27fc2769a1b78a27578f13a17b -> 
  custom:container-demuxer-webm: 4f35f7cbe854078d1ac9338744f61a02 -> 
  custom:container-demuxer-ogg: 62fdf1f143b41e24485cea50d1cbac27 -> 
  custom:video-encoder-webm-vp8: eb34c28f22e8b96e1ab97ce403110664 -> 
  custom:video-decoder-webm-vp8: 9c59270c3fd7afecdb556c50c9e8de78 -> 
  custom:graphics/normal-map-encoding: 01000000000000000000000000000000 -> 02000000000000000000000000000000
  custom:audio-decoder-ogg-vorbis: bf7c407c2cedff20999df2af8eb42d56 -> 
  custom:audio-encoder-webm-vorbis: bf7c407c2cedff20999df2af8eb42d56 -> 
========================================================================
Received Prepare
Registering precompiled user dll's ...
Registered in 0.005090 seconds.
Begin MonoManager ReloadAssembly
Native extension for WindowsStandalone target not found
Refreshing native plugins compatible for Editor in 0.77 ms, found 3 plugins.
Preloading 0 native plugins for Editor in 0.00 ms.
Mono: successfully reloaded assembly
- Completed reload, in  1.669 seconds
Platform modules already initialized, skipping
Switching build target platform(19) subTarget(0) extendedPlatform(0) -> platform(13) subTarget(537395200) extendedPlatform(0)
Refreshing native plugins compatible for Editor in 0.72 ms, found 3 plugins.
Preloading 0 native plugins for Editor in 0.00 ms.
Unloading 2084 Unused Serialized files (Serialized files now loaded: 0)
System memory in use before: 98.7 MB.
System memory in use after: 98.7 MB.

Unloading 21 unused Assets to reduce memory usage. Loaded Objects now: 2562.
Total: 4.201000 ms (FindLiveObjects: 0.207700 ms CreateObjectMapping: 0.079000 ms MarkObjects: 3.731800 ms  DeleteObjects: 0.180700 ms)

AssetImportParameters requested are different than current active one (requested -> active):
  custom:framework-win-MediaFoundation: 216162199b28c13a410421893ffa2e32 -> 
  custom:video-decoder-ogg-theora: a1e56fd34408186e4bbccfd4996cb3dc -> 
  custom:container-muxer-webm: aa71ff27fc2769a1b78a27578f13a17b -> 
  custom:container-demuxer-webm: 4f35f7cbe854078d1ac9338744f61a02 -> 
  custom:container-demuxer-ogg: 62fdf1f143b41e24485cea50d1cbac27 -> 
  custom:video-encoder-webm-vp8: eb34c28f22e8b96e1ab97ce403110664 -> 
  custom:video-decoder-webm-vp8: 9c59270c3fd7afecdb556c50c9e8de78 -> 
  custom:graphics/normal-map-encoding: 01000000000000000000000000000000 -> 02000000000000000000000000000000
  custom:audio-decoder-ogg-vorbis: bf7c407c2cedff20999df2af8eb42d56 -> 
  custom:audio-encoder-webm-vorbis: bf7c407c2cedff20999df2af8eb42d56 -> 
========================================================================
Received Import Request.
  Time since last request: 369.424941 seconds.
  path: Assets/CarController.cs
  artifactKey: Guid(5f9e93ed6b307114bae9c26260d73f13) Importer(815301076,1909f56bfc062723c751e8b465ee728b)
Start importing Assets/CarController.cs using Guid(5f9e93ed6b307114bae9c26260d73f13) Importer(815301076,1909f56bfc062723c751e8b465ee728b)  -> (artifact id: '9199e3e72d35e0b12070524912fcb843') in 0.005606 seconds 
  Import took 0.010117 seconds .

========================================================================
Received Import Request.
  Time since last request: 0.055583 seconds.
  path: Assets/CarController.cs
  artifactKey: Guid(5f9e93ed6b307114bae9c26260d73f13) Importer(815301076,1909f56bfc062723c751e8b465ee728b)
Start importing Assets/CarController.cs using Guid(5f9e93ed6b307114bae9c26260d73f13) Importer(815301076,1909f56bfc062723c751e8b465ee728b)  -> (artifact id: '9199e3e72d35e0b12070524912fcb843') in 0.002391 seconds 
  Import took 0.007762 seconds .

========================================================================
Received Prepare
Registering precompiled user dll's ...
Registered in 0.007864 seconds.
Begin MonoManager ReloadAssembly
Native extension for WindowsStandalone target not found
Refreshing native plugins compatible for Editor in 0.70 ms, found 3 plugins.
Preloading 0 native plugins for Editor in 0.00 ms.
Mono: successfully reloaded assembly
- Completed reload, in  1.798 seconds
Platform modules already initialized, skipping
Switching build target platform(19) subTarget(0) extendedPlatform(0) -> platform(13) subTarget(537395200) extendedPlatform(0)
Refreshing native plugins compatible for Editor in 0.76 ms, found 3 plugins.
Preloading 0 native plugins for Editor in 0.00 ms.
Unloading 2084 Unused Serialized files (Serialized files now loaded: 0)
System memory in use before: 98.7 MB.
System memory in use after: 98.7 MB.

Unloading 21 unused Assets to reduce memory usage. Loaded Objects now: 2566.
Total: 4.329200 ms (FindLiveObjects: 0.423000 ms CreateObjectMapping: 0.204600 ms MarkObjects: 3.479000 ms  DeleteObjects: 0.220900 ms)

AssetImportParameters requested are different than current active one (requested -> active):
  custom:framework-win-MediaFoundation: 216162199b28c13a410421893ffa2e32 -> 
  custom:video-decoder-ogg-theora: a1e56fd34408186e4bbccfd4996cb3dc -> 
  custom:container-muxer-webm: aa71ff27fc2769a1b78a27578f13a17b -> 
  custom:container-demuxer-webm: 4f35f7cbe854078d1ac9338744f61a02 -> 
  custom:container-demuxer-ogg: 62fdf1f143b41e24485cea50d1cbac27 -> 
  custom:video-encoder-webm-vp8: eb34c28f22e8b96e1ab97ce403110664 -> 
  custom:video-decoder-webm-vp8: 9c59270c3fd7afecdb556c50c9e8de78 -> 
  custom:graphics/normal-map-encoding: 01000000000000000000000000000000 -> 02000000000000000000000000000000
  custom:audio-decoder-ogg-vorbis: bf7c407c2cedff20999df2af8eb42d56 -> 
  custom:audio-encoder-webm-vorbis: bf7c407c2cedff20999df2af8eb42d56 -> 
